<?xml version="1.0" encoding="UTF-8"?>
<!-- Generated by org.testng.reporters.JUnitReportReporter -->
<testsuite hostname="DESKTOP-C9G084L" failures="0" tests="1" name="restassuredtut01.auction_controller_24" time="1.509" errors="0" timestamp="2024-11-28T10:39:48 IST" skipped="0">
  <testcase classname="restassuredtut01.auction_controller_24" name="loginToSystem" time="1.509"/>
</testsuite> <!-- restassuredtut01.auction_controller_24 -->
