<?xml version="1.0" encoding="UTF-8"?>
<!-- Generated by org.testng.reporters.JUnitReportReporter -->
<testsuite hostname="DESKTOP-C9G084L" failures="0" tests="1" name="restassuredtut01.auction_controller_22" time="1.433" errors="0" timestamp="2024-11-27T14:55:18 IST" skipped="0">
  <testcase classname="restassuredtut01.auction_controller_22" name="loginToSystem" time="1.433"/>
</testsuite> <!-- restassuredtut01.auction_controller_22 -->
