<?xml version="1.0" encoding="UTF-8"?>
<!-- Generated by org.testng.reporters.JUnitReportReporter -->
<testsuite hostname="DESKTOP-C9G084L" failures="0" tests="1" name="restassuredtut01.bid_controller_19" time="2.331" errors="0" timestamp="2024-11-28T10:38:47 IST" skipped="0">
  <testcase classname="restassuredtut01.bid_controller_19" name="loginToSystem" time="2.331"/>
</testsuite> <!-- restassuredtut01.bid_controller_19 -->
