<?xml version="1.0" encoding="UTF-8"?>
<!-- Generated by org.testng.reporters.JUnitReportReporter -->
<testsuite hostname="DESKTOP-C9G084L" failures="0" tests="1" name="restassuredtut01.bid_controller_18" time="4.581" errors="0" timestamp="2024-11-27T14:40:32 IST" skipped="0">
  <testcase classname="restassuredtut01.bid_controller_18" name="loginToSystem" time="4.581"/>
</testsuite> <!-- restassuredtut01.bid_controller_18 -->
